Removed Pin From Net: NetName=GND Pin=U2-V
Removed Pin From Net: NetName=GND Pin=U2-V
Removed Pin From Net: NetName=GND Pin=U2-V
Removed Pin From Net: NetName=GND Pin=U2-V
Removed Pin From Net: NetName=GND Pin=U2-V
Added Component: Designator=G1(MQ-Footprint-A)
Added Component: Designator=G2(MQ-Footprint-A)
Added Component: Designator=G3(MQ-Footprint-A)
Added Component: Designator=G4(MQ-Footprint-A)
Added Component: Designator=G5(MQ-Footprint-A)
Added Component: Designator=G6(MQ-FOOTPRINT-B)
Added Component: Designator=G7(MQ-Footprint-A)
Added Component: Designator=G8(MQ-Footprint-A)
Added Component: Designator=G9(MQ-Footprint-A)
Added Component: Designator=G10(MQ-Footprint-A)
Added Component: Designator=G12(MQ-FOOTPRINT-B)
Added Pin To Net: NetName=5.0V Pin=G1-1
Added Pin To Net: NetName=AIN0 Pin=G1-2
Added Pin To Net: NetName=GND Pin=G1-4
Added Pin To Net: NetName=5.0V Pin=G2-1
Added Pin To Net: NetName=AIN1 Pin=G2-2
Added Pin To Net: NetName=GND Pin=G2-4
Added Pin To Net: NetName=5.0V Pin=G3-1
Added Pin To Net: NetName=AIN2 Pin=G3-2
Added Pin To Net: NetName=GND Pin=G3-4
Added Pin To Net: NetName=5.0V Pin=G4-1
Added Pin To Net: NetName=AIN3 Pin=G4-2
Added Pin To Net: NetName=GND Pin=G4-4
Added Pin To Net: NetName=5.0V Pin=G5-1
Added Pin To Net: NetName=AIN4 Pin=G5-2
Added Pin To Net: NetName=GND Pin=G5-4
Added Pin To Net: NetName=5.0V Pin=G6-1
Added Pin To Net: NetName=AIN5 Pin=G6-2
Added Pin To Net: NetName=GND Pin=G6-4
Added Pin To Net: NetName=5.0V Pin=G7-1
Added Pin To Net: NetName=AIN6 Pin=G7-2
Added Pin To Net: NetName=GND Pin=G7-4
Added Pin To Net: NetName=5.0V Pin=G8-1
Added Pin To Net: NetName=AIN7 Pin=G8-2
Added Pin To Net: NetName=GND Pin=G8-4
Added Pin To Net: NetName=5.0V Pin=G9-1
Added Pin To Net: NetName=AIN8 Pin=G9-2
Added Pin To Net: NetName=GND Pin=G9-4
Added Pin To Net: NetName=5.0V Pin=G10-1
Added Pin To Net: NetName=AIN9 Pin=G10-2
Added Pin To Net: NetName=GND Pin=G10-4
Add Pin To Net: Unknown Pin: Pin G11-1
Add Pin To Net: Unknown Pin: Pin G11-2
Add Pin To Net: Unknown Pin: Pin G11-4
Added Pin To Net: NetName=5.0V Pin=G12-1
Added Pin To Net: NetName=AIN11 Pin=G12-2
Added Pin To Net: NetName=GND Pin=G12-4
Change Net Name : Old Net Name=NetFeather_25 New Net Name=EN
Added Member To Class: ClassName=Sheet2 Member=Component G1 MQ-Sensor
Added Member To Class: ClassName=Sheet2 Member=Component G2 MQ-Sensor
Added Member To Class: ClassName=Sheet2 Member=Component G3 MQ-Sensor
Added Member To Class: ClassName=Sheet2 Member=Component G4 MQ-Sensor
Added Member To Class: ClassName=Sheet2 Member=Component G5 MQ-Sensor
Added Member To Class: ClassName=Sheet2 Member=Component G6 MQ-Sensor
Added Member To Class: ClassName=Sheet2 Member=Component G7 MQ-Sensor
Added Member To Class: ClassName=Sheet2 Member=Component G8 MQ-Sensor
Added Member To Class: ClassName=Sheet2 Member=Component G9 MQ-Sensor
Added Member To Class: ClassName=Sheet2 Member=Component G10 MQ-Sensor
Add Class Member: Failed to add class member : Component G11 MQ-Sensor
Added Member To Class: ClassName=Sheet2 Member=Component G12 MQ-Sensor
